<?xml version="1.0" encoding="UTF-8"?>
<!-- Generated by org.testng.reporters.JUnitXMLReporter -->
<testsuite ignored="0" hostname="pro-Vasudevan" failures="0" tests="6" name="SparkReport" time="14.601" errors="0" timestamp="2022-07-29T16:04:05 IST">
  <testcase classname="SparkReport.Utility" name="Homepage" time="3.068"/>
  <testcase classname="SparkReport.Utility" name="loginpage" time="3.184"/>
  <testcase classname="SparkReport.Utility" name="forgetpassword" time="2.08"/>
  <testcase classname="SparkReport.Utility" name="emailsubmittion" time="2.097"/>
  <testcase classname="SparkReport.Utility" name="eye" time="2.044"/>
  <testcase classname="SparkReport.Utility" name="hidepassword" time="2.039"/>
</testsuite> <!-- SparkReport -->
