<?xml version="1.0" encoding="UTF-8"?>
<testng-results ignored="0" total="6" passed="6" failed="0" skipped="0">
  <reporter-output>
  </reporter-output>
  <suite started-at="2022-07-29T09:29:32Z" name="Suite1" finished-at="2022-07-29T09:29:47Z" duration-ms="14555">
    <groups>
    </groups>
    <test started-at="2022-07-29T09:29:32Z" name="SparkReport" finished-at="2022-07-29T09:29:47Z" duration-ms="14555">
      <class name="SparkReport.Utility">
        <test-method is-config="true" signature="launchbrowser()[pri:0, instance:SparkReport.Utility@3daf7722]" started-at="2022-07-29T09:29:29Z" name="launchbrowser" finished-at="2022-07-29T09:29:32Z" duration-ms="2892" status="PASS">
          <reporter-output>
          </reporter-output>
        </test-method> <!-- launchbrowser -->
        <test-method signature="Homepage()[pri:1, instance:SparkReport.Utility@3daf7722]" started-at="2022-07-29T09:29:32Z" name="Homepage" finished-at="2022-07-29T09:29:35Z" duration-ms="3094" status="PASS">
          <reporter-output>
          </reporter-output>
        </test-method> <!-- Homepage -->
        <test-method signature="loginpage()[pri:2, instance:SparkReport.Utility@3daf7722]" started-at="2022-07-29T09:29:35Z" name="loginpage" finished-at="2022-07-29T09:29:39Z" duration-ms="3180" status="PASS">
          <reporter-output>
          </reporter-output>
        </test-method> <!-- loginpage -->
        <test-method signature="forgetpassword()[pri:3, instance:SparkReport.Utility@3daf7722]" started-at="2022-07-29T09:29:39Z" name="forgetpassword" finished-at="2022-07-29T09:29:41Z" duration-ms="2086" status="PASS">
          <reporter-output>
          </reporter-output>
        </test-method> <!-- forgetpassword -->
        <test-method signature="emailsubmittion()[pri:4, instance:SparkReport.Utility@3daf7722]" started-at="2022-07-29T09:29:41Z" name="emailsubmittion" finished-at="2022-07-29T09:29:43Z" duration-ms="2094" status="PASS">
          <reporter-output>
          </reporter-output>
        </test-method> <!-- emailsubmittion -->
        <test-method signature="eye()[pri:5, instance:SparkReport.Utility@3daf7722]" started-at="2022-07-29T09:29:43Z" name="eye" finished-at="2022-07-29T09:29:45Z" duration-ms="2046" status="PASS">
          <reporter-output>
          </reporter-output>
        </test-method> <!-- eye -->
        <test-method signature="hidepassword()[pri:6, instance:SparkReport.Utility@3daf7722]" started-at="2022-07-29T09:29:45Z" name="hidepassword" finished-at="2022-07-29T09:29:47Z" duration-ms="2045" status="PASS">
          <reporter-output>
          </reporter-output>
        </test-method> <!-- hidepassword -->
        <test-method is-config="true" signature="teardown()[pri:0, instance:SparkReport.Utility@3daf7722]" started-at="2022-07-29T09:29:47Z" name="teardown" finished-at="2022-07-29T09:29:47Z" duration-ms="134" status="PASS">
          <reporter-output>
          </reporter-output>
        </test-method> <!-- teardown -->
      </class> <!-- SparkReport.Utility -->
    </test> <!-- SparkReport -->
  </suite> <!-- Suite1 -->
</testng-results>
