<?xml version="1.0" encoding="UTF-8"?>
<testsuite xmlns:xsi="http://www.w3.org/2001/XMLSchema-instance" xsi:noNamespaceSchemaLocation="https://maven.apache.org/surefire/maven-surefire-plugin/xsd/surefire-test-report-3.0.xsd" version="3.0" name="TestSuite" time="18.746" tests="6" errors="0" skipped="0" failures="0">
  <properties>
[...]
</properties>
  <testcase name="Homepage" classname="SparkReport.Utility" time="3.065">
    <system-out><![CDATA[[TestNGContentHandler] [WARN] It is strongly recommended to add "<!DOCTYPE suite SYSTEM "http://testng.org/testng-1.0.dtd" >" at the top of your file, otherwise TestNG may fail or not work as expected.
]]></system-out>
    <system-err><![CDATA[Starting ChromeDriver 102.0.5005.61 (0e59bcc00cc4985ce39ad31c150065f159d95ad3-refs/branch-heads/5005@{#819}) on port 20002
Only local connections are allowed.
Please see https://chromedriver.chromium.org/security-considerations for suggestions on keeping ChromeDriver safe.
ChromeDriver was started successfully.
[1659086970.279][WARNING]: This version of ChromeDriver has not been tested with Chrome version 103.
Jul 29, 2022 2:59:30 PM org.openqa.selenium.remote.ProtocolHandshake createSession
INFO: Detected dialect: W3C
]]></system-err>
  </testcase>
  <testcase name="loginpage" classname="SparkReport.Utility" time="3.18">
    <system-out><![CDATA[

]]></system-out>
  </testcase>
  <testcase name="forgetpassword" classname="SparkReport.Utility" time="2.086">
    <system-out><![CDATA[Forgot Password?
]]></system-out>
  </testcase>
  <testcase name="emailsubmittion" classname="SparkReport.Utility" time="2.095">
    <system-out><![CDATA[
]]></system-out>
  </testcase>
  <testcase name="eye" classname="SparkReport.Utility" time="2.046"/>
  <testcase name="hidepassword" classname="SparkReport.Utility" time="2.046"/>
</testsuite>