<?xml version="1.0" encoding="UTF-8"?>
<testng-results ignored="0" total="6" passed="6" failed="0" skipped="0">
  <reporter-output>
  </reporter-output>
  <suite started-at="2022-07-29T16:03:50 IST" name="Suite1" finished-at="2022-07-29T16:04:05 IST" duration-ms="14601">
    <groups>
    </groups>
    <test started-at="2022-07-29T16:03:50 IST" name="SparkReport" finished-at="2022-07-29T16:04:05 IST" duration-ms="14601">
      <class name="SparkReport.Utility">
        <test-method is-config="true" signature="launchbrowser()[pri:0, instance:SparkReport.Utility@5386659f]" started-at="2022-07-29T16:03:45 IST" name="launchbrowser" finished-at="2022-07-29T16:03:50 IST" duration-ms="5209" status="PASS">
          <reporter-output>
          </reporter-output>
        </test-method> <!-- launchbrowser -->
        <test-method signature="Homepage()[pri:1, instance:SparkReport.Utility@5386659f]" started-at="2022-07-29T16:03:51 IST" name="Homepage" finished-at="2022-07-29T16:03:54 IST" duration-ms="3068" status="PASS">
          <reporter-output>
          </reporter-output>
        </test-method> <!-- Homepage -->
        <test-method signature="loginpage()[pri:2, instance:SparkReport.Utility@5386659f]" started-at="2022-07-29T16:03:54 IST" name="loginpage" finished-at="2022-07-29T16:03:57 IST" duration-ms="3184" status="PASS">
          <reporter-output>
          </reporter-output>
        </test-method> <!-- loginpage -->
        <test-method signature="forgetpassword()[pri:3, instance:SparkReport.Utility@5386659f]" started-at="2022-07-29T16:03:57 IST" name="forgetpassword" finished-at="2022-07-29T16:03:59 IST" duration-ms="2080" status="PASS">
          <reporter-output>
          </reporter-output>
        </test-method> <!-- forgetpassword -->
        <test-method signature="emailsubmittion()[pri:4, instance:SparkReport.Utility@5386659f]" started-at="2022-07-29T16:03:59 IST" name="emailsubmittion" finished-at="2022-07-29T16:04:01 IST" duration-ms="2097" status="PASS">
          <reporter-output>
          </reporter-output>
        </test-method> <!-- emailsubmittion -->
        <test-method signature="eye()[pri:5, instance:SparkReport.Utility@5386659f]" started-at="2022-07-29T16:04:01 IST" name="eye" finished-at="2022-07-29T16:04:03 IST" duration-ms="2044" status="PASS">
          <reporter-output>
          </reporter-output>
        </test-method> <!-- eye -->
        <test-method signature="hidepassword()[pri:6, instance:SparkReport.Utility@5386659f]" started-at="2022-07-29T16:04:03 IST" name="hidepassword" finished-at="2022-07-29T16:04:05 IST" duration-ms="2039" status="PASS">
          <reporter-output>
          </reporter-output>
        </test-method> <!-- hidepassword -->
        <test-method is-config="true" signature="teardown()[pri:0, instance:SparkReport.Utility@5386659f]" started-at="2022-07-29T16:04:05 IST" name="teardown" finished-at="2022-07-29T16:04:05 IST" duration-ms="287" status="PASS">
          <reporter-output>
          </reporter-output>
        </test-method> <!-- teardown -->
      </class> <!-- SparkReport.Utility -->
    </test> <!-- SparkReport -->
  </suite> <!-- Suite1 -->
</testng-results>
